<?xml version="1.0" encoding="UTF-8"?>
<!-- Generated by org.testng.reporters.JUnitReportReporter -->
<testsuite hostname="DESKTOP-IC2J1DS" name="com.crm.qa.testcase.NewContactPageTest" tests="3" failures="0" timestamp="13 Jul 2019 06:49:56 GMT" time="130.906" errors="0">
  <testcase name="insertNewConacts" time="63.169" classname="com.crm.qa.testcase.NewContactPageTest"/>
  <testcase name="insertNewConacts" time="42.617" classname="com.crm.qa.testcase.NewContactPageTest"/>
  <testcase name="insertNewConacts" time="25.120" classname="com.crm.qa.testcase.NewContactPageTest"/>
</testsuite> <!-- com.crm.qa.testcase.NewContactPageTest -->
