<?xml version="1.0" encoding="UTF-8"?>
<!-- Generated by org.testng.reporters.JUnitReportReporter -->
<testsuite hostname="DESKTOP-IC2J1DS" name="com.crm.qa.testcase.LoginPageTest" tests="3" failures="0" timestamp="11 Jul 2019 07:36:54 GMT" time="43.861" errors="0">
  <testcase name="crmLogoImageTest" time="11.932" classname="com.crm.qa.testcase.LoginPageTest"/>
  <testcase name="loginTest" time="19.364" classname="com.crm.qa.testcase.LoginPageTest"/>
  <testcase name="loginPageTitleTest" time="12.565" classname="com.crm.qa.testcase.LoginPageTest"/>
</testsuite> <!-- com.crm.qa.testcase.LoginPageTest -->
