<?xml version="1.0" encoding="UTF-8"?>
<!-- Generated by org.testng.reporters.JUnitReportReporter -->
<testsuite hostname="DESKTOP-IC2J1DS" name="com.crm.qa.testcase.HomePageTest" tests="1" failures="0" timestamp="14 Jul 2019 14:37:40 GMT" time="19.819" errors="0">
  <testcase name="validateNewContactLinkClick" time="19.819" classname="com.crm.qa.testcase.HomePageTest"/>
</testsuite> <!-- com.crm.qa.testcase.HomePageTest -->
