<?xml version="1.0" encoding="UTF-8"?>
<!-- Generated by org.testng.reporters.JUnitReportReporter -->
<testsuite hostname="DESKTOP-IC2J1DS" name="com.crm.qa.testcase.NewContactPageTest" tests="3" failures="0" timestamp="31 Jul 2019 07:46:19 GMT" time="87.290" errors="0">
  <testcase name="insertNewConacts" time="30.768" classname="com.crm.qa.testcase.NewContactPageTest"/>
  <testcase name="insertNewConacts" time="21.693" classname="com.crm.qa.testcase.NewContactPageTest"/>
  <testcase name="insertNewConacts" time="34.829" classname="com.crm.qa.testcase.NewContactPageTest"/>
</testsuite> <!-- com.crm.qa.testcase.NewContactPageTest -->
