<?xml version="1.0" encoding="UTF-8"?>
<!-- Generated by org.testng.reporters.JUnitReportReporter -->
<testsuite hostname="DESKTOP-IC2J1DS" name="com.crm.qa.testcase.LoginPageTest" tests="3" failures="0" timestamp="31 Jul 2019 07:46:19 GMT" time="43.339" errors="0">
  <testcase name="crmLogoImageTest" time="11.727" classname="com.crm.qa.testcase.LoginPageTest"/>
  <testcase name="loginTest" time="20.396" classname="com.crm.qa.testcase.LoginPageTest"/>
  <testcase name="loginPageTitleTest" time="11.216" classname="com.crm.qa.testcase.LoginPageTest"/>
</testsuite> <!-- com.crm.qa.testcase.LoginPageTest -->
